# JRE version: Java(TM) SE Runtime Environment (8.0_131-b11) (build 1.8.0_131-b11)
# Java VM: Java HotSpot(TM) 64-Bit Server VM (25.131-b11 mixed mode windows-amd64 compressed oops)
Heap:
 PSYoungGen      total 142336K, used 121873K [0x00000000d5d00000, 0x00000000dee00000, 0x0000000100000000)
  eden space 136192K, 89% used [0x00000000d5d00000,0x00000000dd404640,0x00000000de200000)
  from space 6144K, 0% used [0x00000000de200000,0x00000000de200000,0x00000000de800000)
  to   space 6144K, 0% used [0x00000000de800000,0x00000000de800000,0x00000000dee00000)
 ParOldGen       total 89600K, used 21114K [0x0000000081600000, 0x0000000086d80000, 0x00000000d5d00000)
  object space 89600K, 23% used [0x0000000081600000,0x0000000082a9eb88,0x0000000086d80000)
 Metaspace       used 54477K, capacity 60784K, committed 60968K, reserved 1101824K
  class space    used 7352K, capacity 8979K, committed 9000K, reserved 1048576K
GC Heap History (10 events):
Event: 7777.378 GC heap before
{Heap before GC invocations=89 (full 40):
 PSYoungGen      total 142848K, used 4893K [0x00000000d5d00000, 0x00000000def00000, 0x0000000100000000)
  eden space 136192K, 0% used [0x00000000d5d00000,0x00000000d5d00000,0x00000000de200000)
  from space 6656K, 73% used [0x00000000de200000,0x00000000de6c77c0,0x00000000de880000)
  to   space 6656K, 0% used [0x00000000de880000,0x00000000de880000,0x00000000def00000)
 ParOldGen       total 89600K, used 20714K [0x0000000081600000, 0x0000000086d80000, 0x00000000d5d00000)
  object space 89600K, 23% used [0x0000000081600000,0x0000000082a3ab68,0x0000000086d80000)
 Metaspace       used 47474K, capacity 53584K, committed 53672K, reserved 1095680K
  class space    used 6283K, capacity 7796K, committed 7848K, reserved 1048576K
Event: 7777.425 GC heap after
Heap after GC invocations=89 (full 40):
 PSYoungGen      total 142848K, used 0K [0x00000000d5d00000, 0x00000000def00000, 0x0000000100000000)
  eden space 136192K, 0% used [0x00000000d5d00000,0x00000000d5d00000,0x00000000de200000)
  from space 6656K, 0% used [0x00000000de200000,0x00000000de200000,0x00000000de880000)
  to   space 6656K, 0% used [0x00000000de880000,0x00000000de880000,0x00000000def00000)
 ParOldGen       total 89600K, used 20865K [0x0000000081600000, 0x0000000086d80000, 0x00000000d5d00000)
  object space 89600K, 23% used [0x0000000081600000,0x0000000082a60598,0x0000000086d80000)
 Metaspace       used 47472K, capacity 53578K, committed 53672K, reserved 1095680K
  class space    used 6283K, capacity 7794K, committed 7848K, reserved 1048576K
}
Event: 7787.427 GC heap before
{Heap before GC invocations=90 (full 40):
 PSYoungGen      total 142848K, used 82888K [0x00000000d5d00000, 0x00000000def00000, 0x0000000100000000)
  eden space 136192K, 60% used [0x00000000d5d00000,0x00000000dadf22c8,0x00000000de200000)
  from space 6656K, 0% used [0x00000000de200000,0x00000000de200000,0x00000000de880000)
  to   space 6656K, 0% used [0x00000000de880000,0x00000000de880000,0x00000000def00000)
 ParOldGen       total 89600K, used 20865K [0x0000000081600000, 0x0000000086d80000, 0x00000000d5d00000)
  object space 89600K, 23% used [0x0000000081600000,0x0000000082a60598,0x0000000086d80000)
 Metaspace       used 47594K, capacity 53768K, committed 53928K, reserved 1095680K
  class space    used 6299K, capacity 7836K, committed 7848K, reserved 1048576K
Event: 7787.433 GC heap after
Heap after GC invocations=90 (full 40):
 PSYoungGen      total 141824K, used 4797K [0x00000000d5d00000, 0x00000000dee00000, 0x0000000100000000)
  eden space 136192K, 0% used [0x00000000d5d00000,0x00000000d5d00000,0x00000000de200000)
  from space 5632K, 85% used [0x00000000de880000,0x00000000ded2f7c0,0x00000000dee00000)
  to   space 6144K, 0% used [0x00000000de200000,0x00000000de200000,0x00000000de800000)
 ParOldGen       total 89600K, used 20873K [0x0000000081600000, 0x0000000086d80000, 0x00000000d5d00000)
  object space 89600K, 23% used [0x0000000081600000,0x0000000082a62598,0x0000000086d80000)
 Metaspace       used 47594K, capacity 53768K, committed 53928K, reserved 1095680K
  class space    used 6299K, capacity 7836K, committed 7848K, reserved 1048576K
}
Event: 7787.433 GC heap before
{Heap before GC invocations=91 (full 41):
 PSYoungGen      total 141824K, used 4797K [0x00000000d5d00000, 0x00000000dee00000, 0x0000000100000000)
  eden space 136192K, 0% used [0x00000000d5d00000,0x00000000d5d00000,0x00000000de200000)
  from space 5632K, 85% used [0x00000000de880000,0x00000000ded2f7c0,0x00000000dee00000)
  to   space 6144K, 0% used [0x00000000de200000,0x00000000de200000,0x00000000de800000)
 ParOldGen       total 89600K, used 20873K [0x0000000081600000, 0x0000000086d80000, 0x00000000d5d00000)
  object space 89600K, 23% used [0x0000000081600000,0x0000000082a62598,0x0000000086d80000)
 Metaspace       used 47594K, capacity 53768K, committed 53928K, reserved 1095680K
  class space    used 6299K, capacity 7836K, committed 7848K, reserved 1048576K
Event: 7787.517 GC heap after
Heap after GC invocations=91 (full 41):
 PSYoungGen      total 141824K, used 0K [0x00000000d5d00000, 0x00000000dee00000, 0x0000000100000000)
  eden space 136192K, 0% used [0x00000000d5d00000,0x00000000d5d00000,0x00000000de200000)
  from space 5632K, 0% used [0x00000000de880000,0x00000000de880000,0x00000000dee00000)
  to   space 6144K, 0% used [0x00000000de200000,0x00000000de200000,0x00000000de800000)
 ParOldGen       total 89600K, used 21006K [0x0000000081600000, 0x0000000086d80000, 0x00000000d5d00000)
  object space 89600K, 23% used [0x0000000081600000,0x0000000082a839c0,0x0000000086d80000)
 Metaspace       used 47591K, capacity 53762K, committed 53928K, reserved 1095680K
  class space    used 6299K, capacity 7834K, committed 7848K, reserved 1048576K
}
Event: 7802.383 GC heap before
{Heap before GC invocations=92 (full 41):
 PSYoungGen      total 141824K, used 81501K [0x00000000d5d00000, 0x00000000dee00000, 0x0000000100000000)
  eden space 136192K, 59% used [0x00000000d5d00000,0x00000000dac974c8,0x00000000de200000)
  from space 5632K, 0% used [0x00000000de880000,0x00000000de880000,0x00000000dee00000)
  to   space 6144K, 0% used [0x00000000de200000,0x00000000de200000,0x00000000de800000)
 ParOldGen       total 89600K, used 21006K [0x0000000081600000, 0x0000000086d80000, 0x00000000d5d00000)
  object space 89600K, 23% used [0x0000000081600000,0x0000000082a839c0,0x0000000086d80000)
 Metaspace       used 47737K, capacity 53952K, committed 54056K, reserved 1095680K
  class space    used 6315K, capacity 7876K, committed 7976K, reserved 1048576K
Event: 7802.390 GC heap after
Heap after GC invocations=92 (full 41):
 PSYoungGen      total 142336K, used 4797K [0x00000000d5d00000, 0x00000000dee00000, 0x0000000100000000)
  eden space 136192K, 0% used [0x00000000d5d00000,0x00000000d5d00000,0x00000000de200000)
  from space 6144K, 78% used [0x00000000de200000,0x00000000de6af7c0,0x00000000de800000)
  to   space 6144K, 0% used [0x00000000de800000,0x00000000de800000,0x00000000dee00000)
 ParOldGen       total 89600K, used 21014K [0x0000000081600000, 0x0000000086d80000, 0x00000000d5d00000)
  object space 89600K, 23% used [0x0000000081600000,0x0000000082a859c0,0x0000000086d80000)
 Metaspace       used 47737K, capacity 53952K, committed 54056K, reserved 1095680K
  class space    used 6315K, capacity 7876K, committed 7976K, reserved 1048576K
}
Event: 7802.390 GC heap before
{Heap before GC invocations=93 (full 42):
 PSYoungGen      total 142336K, used 4797K [0x00000000d5d00000, 0x00000000dee00000, 0x0000000100000000)
  eden space 136192K, 0% used [0x00000000d5d00000,0x00000000d5d00000,0x00000000de200000)
  from space 6144K, 78% used [0x00000000de200000,0x00000000de6af7c0,0x00000000de800000)
  to   space 6144K, 0% used [0x00000000de800000,0x00000000de800000,0x00000000dee00000)
 ParOldGen       total 89600K, used 21014K [0x0000000081600000, 0x0000000086d80000, 0x00000000d5d00000)
  object space 89600K, 23% used [0x0000000081600000,0x0000000082a859c0,0x0000000086d80000)
 Metaspace       used 47737K, capacity 53952K, committed 54056K, reserved 1095680K
  class space    used 6315K, capacity 7876K, committed 7976K, reserved 1048576K
Event: 7802.490 GC heap after
Heap after GC invocations=93 (full 42):
 PSYoungGen      total 142336K, used 0K [0x00000000d5d00000, 0x00000000dee00000, 0x0000000100000000)
  eden space 136192K, 0% used [0x00000000d5d00000,0x00000000d5d00000,0x00000000de200000)
  from space 6144K, 0% used [0x00000000de200000,0x00000000de200000,0x00000000de800000)
  to   space 6144K, 0% used [0x00000000de800000,0x00000000de800000,0x00000000dee00000)
 ParOldGen       total 89600K, used 21114K [0x0000000081600000, 0x0000000086d80000, 0x00000000d5d00000)
  object space 89600K, 23% used [0x0000000081600000,0x0000000082a9eb88,0x0000000086d80000)
 Metaspace       used 47734K, capacity 53946K, committed 54056K, reserved 1095680K
  class space    used 6314K, capacity 7874K, committed 7976K, reserved 1048576K
}

